Using pre-set license
Built from '2020.3/staging' branch; Version is '2020.3.4f1 (0abb6314276a) revision 703331'; Using compiler version '192528614'; Build Type 'Release'
OS: 'Windows 10 Pro Education; OS build 18363.1500; Version 1909; 64bit' Language: 'en' Physical Memory: 8100 MB
BatchMode: 1, IsHumanControllingUs: 0, StartBugReporterOnCrash: 0, Is64bit: 1, IsPro: 0

 COMMAND LINE ARGUMENTS:
C:\Program Files\2020.3.4f1\Editor\Unity.exe
-adb2
-batchMode
-noUpm
-name
AssetImportWorker0
-projectPath
D:/GameDev/GoodJob/Maze
-logFile
Logs/AssetImportWorker0.log
-srvPort
57046
Successfully changed project path to: D:/GameDev/GoodJob/Maze
D:/GameDev/GoodJob/Maze
Using Asset Import Pipeline V2.
Refreshing native plugins compatible for Editor in 66.65 ms, found 0 plugins.
Preloading 0 native plugins for Editor in 0.00 ms.
Initialize engine version: 2020.3.4f1 (0abb6314276a)
[Subsystems] Discovering subsystems at path C:/Program Files/2020.3.4f1/Editor/Data/Resources/UnitySubsystems
[Subsystems] Discovering subsystems at path D:/GameDev/GoodJob/Maze/Assets
GfxDevice: creating device client; threaded=0
Direct3D:
    Version:  Direct3D 11.0 [level 11.0]
    Renderer: NVIDIA GeForce GT 630 (ID=0xf00)
    Vendor:   
    VRAM:     1989 MB
    Driver:   23.21.13.9135
Initialize mono
Mono path[0] = 'C:/Program Files/2020.3.4f1/Editor/Data/Managed'
Mono path[1] = 'C:/Program Files/2020.3.4f1/Editor/Data/MonoBleedingEdge/lib/mono/unityjit'
Mono config path = 'C:/Program Files/2020.3.4f1/Editor/Data/MonoBleedingEdge/etc'
Using monoOptions --debugger-agent=transport=dt_socket,embedding=1,server=y,suspend=n,address=127.0.0.1:56740
Begin MonoManager ReloadAssembly
Registering precompiled unity dll's ...
Register platform support module: C:/Program Files/2020.3.4f1/Editor/Data/PlaybackEngines/WindowsStandaloneSupport/UnityEditor.WindowsStandalone.Extensions.dll
Registered in 0.003006 seconds.
Native extension for WindowsStandalone target not found
Refreshing native plugins compatible for Editor in 60.45 ms, found 0 plugins.
Preloading 0 native plugins for Editor in 0.00 ms.
Mono: successfully reloaded assembly
- Completed reload, in  2.941 seconds
Platform modules already initialized, skipping
Registering precompiled user dll's ...
Registered in 0.002215 seconds.
Begin MonoManager ReloadAssembly
Native extension for WindowsStandalone target not found
Refreshing native plugins compatible for Editor in 0.74 ms, found 0 plugins.
Preloading 0 native plugins for Editor in 0.00 ms.
Mono: successfully reloaded assembly
- Completed reload, in  1.788 seconds
Platform modules already initialized, skipping
========================================================================
Worker process is ready to serve import requests
Launched and connected shader compiler UnityShaderCompiler.exe after 0.08 seconds
Refreshing native plugins compatible for Editor in 0.55 ms, found 0 plugins.
Preloading 0 native plugins for Editor in 0.00 ms.
Unloading 1440 Unused Serialized files (Serialized files now loaded: 0)
System memory in use before: 67.7 MB.
System memory in use after: 67.8 MB.

Unloading 33 unused Assets to reduce memory usage. Loaded Objects now: 1871.
Total: 2.550500 ms (FindLiveObjects: 0.193400 ms CreateObjectMapping: 0.076700 ms MarkObjects: 2.167500 ms  DeleteObjects: 0.110900 ms)

========================================================================
Received Import Request.
  path: Assets/Images/Vision.png
  artifactKey: Guid(5dd99d0e1d02f46448d201d07019e88d) Importer(815301076,1909f56bfc062723c751e8b465ee728b)
Start importing Assets/Images/Vision.png using Guid(5dd99d0e1d02f46448d201d07019e88d) Importer(815301076,1909f56bfc062723c751e8b465ee728b)  -> (artifact id: '9075360bafb442e483fbd913c5ef9c89') in 0.156996 seconds
  Import took 0.161209 seconds .

========================================================================
Received Import Request.
  Time since last request: 0.001102 seconds.
  path: Assets/Images/Wall Direction.png
  artifactKey: Guid(e2d268afdd1331143a40da8f10b4536d) Importer(815301076,1909f56bfc062723c751e8b465ee728b)
Start importing Assets/Images/Wall Direction.png using Guid(e2d268afdd1331143a40da8f10b4536d) Importer(815301076,1909f56bfc062723c751e8b465ee728b)  -> (artifact id: '92f7c8940e02d62367a4fd026cf12016') in 0.060297 seconds
  Import took 0.063983 seconds .

========================================================================
Received Import Request.
  Time since last request: 2.286316 seconds.
  path: Assets/Prefabs/Direction Wall.prefab
  artifactKey: Guid(57037adebd05d424583e2e58818792fa) Importer(815301076,1909f56bfc062723c751e8b465ee728b)
Start importing Assets/Prefabs/Direction Wall.prefab using Guid(57037adebd05d424583e2e58818792fa) Importer(815301076,1909f56bfc062723c751e8b465ee728b)  -> (artifact id: '403e7da61a421a884d77bafa6e98f192') in 0.026371 seconds
  Import took 0.029720 seconds .

========================================================================
Received Import Request.
  Time since last request: 0.000256 seconds.
  path: Assets/Prefabs/Vision.prefab
  artifactKey: Guid(32dd6dfa4fba7cf4b8423b1b5c2444a8) Importer(815301076,1909f56bfc062723c751e8b465ee728b)
Start importing Assets/Prefabs/Vision.prefab using Guid(32dd6dfa4fba7cf4b8423b1b5c2444a8) Importer(815301076,1909f56bfc062723c751e8b465ee728b)  -> (artifact id: '666c7dac95fa37e07fd5bbf5dad46f19') in 0.333595 seconds
  Import took 0.339046 seconds .

========================================================================
Received Import Request.
  Time since last request: 0.000244 seconds.
  path: Assets/Prefabs/Enemy.prefab
  artifactKey: Guid(549f7853cb9123549bddbe9502818132) Importer(815301076,1909f56bfc062723c751e8b465ee728b)
Start importing Assets/Prefabs/Enemy.prefab using Guid(549f7853cb9123549bddbe9502818132) Importer(815301076,1909f56bfc062723c751e8b465ee728b)  -> (artifact id: '56eff094d8fce9232f5b4373f51bca45') in 0.142043 seconds
  Import took 0.147227 seconds .

========================================================================
Received Import Request.
  Time since last request: 0.000429 seconds.
  path: Assets/Prefabs/Wall Unit.prefab
  artifactKey: Guid(ec25924fc0c6059429e624c9c964ac1a) Importer(815301076,1909f56bfc062723c751e8b465ee728b)
Start importing Assets/Prefabs/Wall Unit.prefab using Guid(ec25924fc0c6059429e624c9c964ac1a) Importer(815301076,1909f56bfc062723c751e8b465ee728b)  -> (artifact id: 'af84919d17fc395ee991dd759fc26aa9') in 0.206537 seconds
  Import took 0.211972 seconds .

========================================================================
Received Import Request.
  Time since last request: 10.319455 seconds.
  path: Assets/Scenes/MainGame
  artifactKey: Guid(533e59d2190fb3f408a9ff49fa792289) Importer(815301076,1909f56bfc062723c751e8b465ee728b)
Start importing Assets/Scenes/MainGame using Guid(533e59d2190fb3f408a9ff49fa792289) Importer(815301076,1909f56bfc062723c751e8b465ee728b)  -> (artifact id: 'bfb1b4cac89c91819f0e63968d8fe1c4') in 0.018251 seconds
  Import took 0.021512 seconds .

========================================================================
Received Import Request.
  Time since last request: 0.141772 seconds.
  path: Assets/Scenes/MainGame/LightingData.asset
  artifactKey: Guid(eb9608710a51b5446b154f8fb7829f8f) Importer(815301076,1909f56bfc062723c751e8b465ee728b)
Start importing Assets/Scenes/MainGame/LightingData.asset using Guid(eb9608710a51b5446b154f8fb7829f8f) Importer(815301076,1909f56bfc062723c751e8b465ee728b)  -> (artifact id: '58d9bcd076a40274d1f9b517dd6cc0b5') in 0.049242 seconds
  Import took 0.054091 seconds .

========================================================================
Received Import Request.
  Time since last request: 0.000236 seconds.
  path: Assets/Scenes/MainGame/NavMesh.asset
  artifactKey: Guid(a26b0b7ce3e40054cbf21ec62cd51db9) Importer(815301076,1909f56bfc062723c751e8b465ee728b)
Start importing Assets/Scenes/MainGame/NavMesh.asset using Guid(a26b0b7ce3e40054cbf21ec62cd51db9) Importer(815301076,1909f56bfc062723c751e8b465ee728b)  -> (artifact id: '433ffd31f4fabe1cca64fd86d36a4a1f') in 0.033313 seconds
  Import took 0.036901 seconds .

========================================================================
Received Import Request.
  Time since last request: 0.000239 seconds.
  path: Assets/Scenes/MainGame/ReflectionProbe-0.exr
  artifactKey: Guid(ecf272e66e6ec9f48aa0216c21511031) Importer(815301076,1909f56bfc062723c751e8b465ee728b)
Start importing Assets/Scenes/MainGame/ReflectionProbe-0.exr using Guid(ecf272e66e6ec9f48aa0216c21511031) Importer(815301076,1909f56bfc062723c751e8b465ee728b)  -> (artifact id: '1161053e8b1cad3412aa62938d409a05') in 0.100109 seconds
  Import took 0.103967 seconds .

========================================================================
Received Import Request.
  Time since last request: 61.958680 seconds.
  path: Assets/Scenes/MainGame/New Lighting Settings.lighting
  artifactKey: Guid(57fa6124ab09ff94eae6ee605217e7d6) Importer(815301076,1909f56bfc062723c751e8b465ee728b)
Start importing Assets/Scenes/MainGame/New Lighting Settings.lighting using Guid(57fa6124ab09ff94eae6ee605217e7d6) Importer(815301076,1909f56bfc062723c751e8b465ee728b)  -> (artifact id: 'fc250fadf6c4a65d6f5cacd778d1aecc') in 0.038548 seconds
  Import took 0.045729 seconds .

========================================================================
Received Import Request.
  Time since last request: 0.000572 seconds.
  path: Assets/Scenes/MainGame/New Lighting Settings.lighting
  artifactKey: Guid(57fa6124ab09ff94eae6ee605217e7d6) Importer(815301076,1909f56bfc062723c751e8b465ee728b)
Start importing Assets/Scenes/MainGame/New Lighting Settings.lighting using Guid(57fa6124ab09ff94eae6ee605217e7d6) Importer(815301076,1909f56bfc062723c751e8b465ee728b)  -> (artifact id: 'fc250fadf6c4a65d6f5cacd778d1aecc') in 0.014951 seconds
  Import took 0.024553 seconds .

========================================================================
Received Import Request.
  Time since last request: 1112.975337 seconds.
  path: Assets/Scenes/MainGame/LightingData.asset
  artifactKey: Guid(eb9608710a51b5446b154f8fb7829f8f) Importer(815301076,1909f56bfc062723c751e8b465ee728b)
Start importing Assets/Scenes/MainGame/LightingData.asset using Guid(eb9608710a51b5446b154f8fb7829f8f) Importer(815301076,1909f56bfc062723c751e8b465ee728b)  -> (artifact id: '24e4c20d567f42a4e67e72ff80d7d85e') in 0.035338 seconds
  Import took 0.060061 seconds .

========================================================================
Received Import Request.
  Time since last request: 0.000263 seconds.
  path: Assets/Scenes/MainGame/Lightmap-1_comp_dir.png
  artifactKey: Guid(b4c1896338d4ab044a7a5bfe3856434d) Importer(815301076,1909f56bfc062723c751e8b465ee728b)
Start importing Assets/Scenes/MainGame/Lightmap-1_comp_dir.png using Guid(b4c1896338d4ab044a7a5bfe3856434d) Importer(815301076,1909f56bfc062723c751e8b465ee728b)  -> (artifact id: '5897f86b193fcfd514cd14fdf727d5a8') in 0.085703 seconds
  Import took 0.090971 seconds .

========================================================================
Received Import Request.
  Time since last request: 0.000427 seconds.
  path: Assets/Scenes/MainGame/Lightmap-0_comp_light.exr
  artifactKey: Guid(818bd0b70ddf6064dab03bbf605e6c37) Importer(815301076,1909f56bfc062723c751e8b465ee728b)
Start importing Assets/Scenes/MainGame/Lightmap-0_comp_light.exr using Guid(818bd0b70ddf6064dab03bbf605e6c37) Importer(815301076,1909f56bfc062723c751e8b465ee728b)  -> (artifact id: '853f3f39f4b616368690b5f273dd245b') in 0.078538 seconds
  Import took 0.081880 seconds .

========================================================================
Received Import Request.
  Time since last request: 0.000221 seconds.
  path: Assets/Scenes/MainGame/Lightmap-0_comp_shadowmask.png
  artifactKey: Guid(5d6c5b9cdecf79b4ca303997888fc2a3) Importer(815301076,1909f56bfc062723c751e8b465ee728b)
Start importing Assets/Scenes/MainGame/Lightmap-0_comp_shadowmask.png using Guid(5d6c5b9cdecf79b4ca303997888fc2a3) Importer(815301076,1909f56bfc062723c751e8b465ee728b)  -> (artifact id: 'a44e056767d1b5560bade2cb7acc1d38') in 0.049067 seconds
  Import took 0.053446 seconds .

========================================================================
Received Import Request.
  Time since last request: 0.000220 seconds.
  path: Assets/Scenes/MainGame/LightingData.asset
  artifactKey: Guid(eb9608710a51b5446b154f8fb7829f8f) Importer(815301076,1909f56bfc062723c751e8b465ee728b)
Start importing Assets/Scenes/MainGame/LightingData.asset using Guid(eb9608710a51b5446b154f8fb7829f8f) Importer(815301076,1909f56bfc062723c751e8b465ee728b)  -> (artifact id: '24e4c20d567f42a4e67e72ff80d7d85e') in 0.004637 seconds
  Import took 0.033724 seconds .

========================================================================
Received Import Request.
  Time since last request: 0.000274 seconds.
  path: Assets/Scenes/MainGame/Lightmap-1_comp_light.exr
  artifactKey: Guid(21a759bbc4e097a4eb5ef2a32242b5de) Importer(815301076,1909f56bfc062723c751e8b465ee728b)
Start importing Assets/Scenes/MainGame/Lightmap-1_comp_light.exr using Guid(21a759bbc4e097a4eb5ef2a32242b5de) Importer(815301076,1909f56bfc062723c751e8b465ee728b)  -> (artifact id: 'e32cd3d366ecffaf1df9d170fe9e746f') in 0.116969 seconds
  Import took 0.136388 seconds .

========================================================================
Received Import Request.
  Time since last request: 0.000405 seconds.
  path: Assets/Scenes/MainGame/Lightmap-1_comp_shadowmask.png
  artifactKey: Guid(dbe03a75665cfcd4687490130d43c375) Importer(815301076,1909f56bfc062723c751e8b465ee728b)
Start importing Assets/Scenes/MainGame/Lightmap-1_comp_shadowmask.png using Guid(dbe03a75665cfcd4687490130d43c375) Importer(815301076,1909f56bfc062723c751e8b465ee728b)  -> (artifact id: '638d8da8dac562ab8eba9a2052bc87f4') in 0.062184 seconds
  Import took 0.066998 seconds .

========================================================================
Received Import Request.
  Time since last request: 0.000218 seconds.
  path: Assets/Scenes/MainGame/Lightmap-0_comp_dir.png
  artifactKey: Guid(105ba69f78dd0ee4ba2b46f990ef2aa6) Importer(815301076,1909f56bfc062723c751e8b465ee728b)
Start importing Assets/Scenes/MainGame/Lightmap-0_comp_dir.png using Guid(105ba69f78dd0ee4ba2b46f990ef2aa6) Importer(815301076,1909f56bfc062723c751e8b465ee728b)  -> (artifact id: '4729d2cc1579317781f8e17fedb5a7de') in 0.059149 seconds
  Import took 0.062334 seconds .

AssetImportWorkerClient::OnTransportError - code=2 error=End of file
